[259 - Suricata-Main] 2025-05-26 14:54:38 Notice: suricata: This is Suricata version 7.0.10 RELEASE running in USER mode
[259 - Suricata-Main] 2025-05-26 14:54:38 Info: cpu: CPUs/cores online: 10
[259 - Suricata-Main] 2025-05-26 14:54:38 Info: suricata: Setting engine mode to IDS mode by default
[259 - Suricata-Main] 2025-05-26 14:54:38 Info: exception-policy: master exception-policy set to: auto
[259 - Suricata-Main] 2025-05-26 14:54:38 Info: logopenfile: fast output device (regular) initialized: fast.log
[259 - Suricata-Main] 2025-05-26 14:54:38 Info: logopenfile: eve-log output device (regular) initialized: eve.json
[259 - Suricata-Main] 2025-05-26 14:54:38 Info: logopenfile: stats output device (regular) initialized: stats.log
[259 - Suricata-Main] 2025-05-26 14:54:39 Info: detect-fast-pattern: fast_pattern is ineffective with base64_data
[259 - Suricata-Main] 2025-05-26 14:54:39 Info: detect-fast-pattern: fast_pattern is ineffective with base64_data
[259 - Suricata-Main] 2025-05-26 14:54:39 Info: detect: 1 rule files processed. 42580 rules successfully loaded, 0 rules failed, 0
[259 - Suricata-Main] 2025-05-26 14:54:39 Info: threshold-config: Threshold config parsed: 0 rule(s) found
[259 - Suricata-Main] 2025-05-26 14:54:39 Info: detect: 42583 signatures processed. 1270 are IP-only rules, 4333 are inspecting packet payload, 36763 inspect application layer, 109 are decoder event only
[7683 - RX#01] 2025-05-26 14:54:40 Info: pcap: Starting file run for 16.pcap
[259 - Suricata-Main] 2025-05-26 14:54:40 Notice: threads: Threads created -> RX: 1 W: 10 FM: 1 FR: 1   Engine started.
[7683 - RX#01] 2025-05-26 14:54:40 Info: checksum: No packets with invalid checksum, assuming checksum offloading is NOT used
[7683 - RX#01] 2025-05-26 14:54:44 Info: pcap: pcap file 16.pcap end of file reached (pcap err code 0)
[259 - Suricata-Main] 2025-05-26 14:54:44 Notice: suricata: Signal Received.  Stopping engine.
[259 - Suricata-Main] 2025-05-26 14:54:44 Info: suricata: time elapsed 3.656s
[7683 - RX#01] 2025-05-26 14:54:44 Notice: pcap: read 1 file, 3601530 packets, 1942376198 bytes
[259 - Suricata-Main] 2025-05-26 14:54:44 Info: counters: Alerts: 9816
