[259 - Suricata-Main] 2025-05-26 14:53:31 Notice: suricata: This is Suricata version 7.0.10 RELEASE running in USER mode
[259 - Suricata-Main] 2025-05-26 14:53:31 Info: cpu: CPUs/cores online: 10
[259 - Suricata-Main] 2025-05-26 14:53:31 Info: suricata: Setting engine mode to IDS mode by default
[259 - Suricata-Main] 2025-05-26 14:53:31 Info: exception-policy: master exception-policy set to: auto
[259 - Suricata-Main] 2025-05-26 14:53:31 Info: logopenfile: fast output device (regular) initialized: fast.log
[259 - Suricata-Main] 2025-05-26 14:53:31 Info: logopenfile: eve-log output device (regular) initialized: eve.json
[259 - Suricata-Main] 2025-05-26 14:53:31 Info: logopenfile: stats output device (regular) initialized: stats.log
[259 - Suricata-Main] 2025-05-26 14:53:32 Info: detect-fast-pattern: fast_pattern is ineffective with base64_data
[259 - Suricata-Main] 2025-05-26 14:53:32 Info: detect-fast-pattern: fast_pattern is ineffective with base64_data
[259 - Suricata-Main] 2025-05-26 14:53:32 Info: detect: 1 rule files processed. 42580 rules successfully loaded, 0 rules failed, 0
[259 - Suricata-Main] 2025-05-26 14:53:32 Info: threshold-config: Threshold config parsed: 0 rule(s) found
[259 - Suricata-Main] 2025-05-26 14:53:32 Info: detect: 42583 signatures processed. 1270 are IP-only rules, 4333 are inspecting packet payload, 36763 inspect application layer, 109 are decoder event only
[6915 - RX#01] 2025-05-26 14:53:33 Info: pcap: Starting file run for 11.pcap
[259 - Suricata-Main] 2025-05-26 14:53:33 Notice: threads: Threads created -> RX: 1 W: 10 FM: 1 FR: 1   Engine started.
[6915 - RX#01] 2025-05-26 14:53:33 Info: checksum: No packets with invalid checksum, assuming checksum offloading is NOT used
[6915 - RX#01] 2025-05-26 14:53:37 Info: pcap: pcap file 11.pcap end of file reached (pcap err code 0)
[259 - Suricata-Main] 2025-05-26 14:53:37 Notice: suricata: Signal Received.  Stopping engine.
[259 - Suricata-Main] 2025-05-26 14:53:37 Info: suricata: time elapsed 3.346s
[6915 - RX#01] 2025-05-26 14:53:37 Notice: pcap: read 1 file, 3530922 packets, 1943505448 bytes
[259 - Suricata-Main] 2025-05-26 14:53:37 Info: counters: Alerts: 6826
